<actors>
  <platforms>
    <Standard x="0" y="0" density="0" friction="0.2" restitution="0.3" groupIndex="-2" isSensor="false" linearDamping="0" angularDamping="0" jumpThrough="false" fixedRotation="false" bullet="false" w="10" h="4">Standard</Standard>
    <Standard x="200" y="20" density="0" friction="0.2" restitution="0.3" groupIndex="-2" isSensor="false" linearDamping="0" angularDamping="0" jumpThrough="false" fixedRotation="false" bullet="false" w="8" h="4">Standard</Standard>
    <Standard x="360" y="-20" density="0" friction="0.2" restitution="0.3" groupIndex="-2" isSensor="false" linearDamping="0" angularDamping="0" jumpThrough="false" fixedRotation="false" bullet="false" w="3" h="5">Standard</Standard>
    <Standard x="420" y="10" density="0" friction="0.2" restitution="0.3" groupIndex="-2" isSensor="false" linearDamping="0" angularDamping="0" jumpThrough="false" fixedRotation="false" bullet="false" w="5" h="6">Standard</Standard>
    <Standard x="520" y="-50" density="0" friction="0.2" restitution="0.3" groupIndex="-2" isSensor="false" linearDamping="0" angularDamping="0" jumpThrough="false" fixedRotation="false" bullet="false" w="10" h="7">Standard</Standard>
    <Standard x="-200" y="-20" density="0" friction="0.2" restitution="0.3" groupIndex="-2" isSensor="false" linearDamping="0" angularDamping="0" jumpThrough="false" fixedRotation="false" bullet="false" w="10" h="5">Standard</Standard>
    <Standard x="-200" y="-200" density="0" friction="0.2" restitution="0.3" groupIndex="-2" isSensor="false" linearDamping="0" angularDamping="0" jumpThrough="false" fixedRotation="false" bullet="false" w="1" h="9">Standard</Standard>
  </platforms>
  <collectables>
    <BubbleBonus x="694.0850736111116" y="-77.32684819444448">BubbleBonus</BubbleBonus>
    <BubbleBonus x="535.6958887500003" y="-89.20435944444449">BubbleBonus</BubbleBonus>
    <BubbleBonus x="358.4055795833336" y="-46.81663097222226">BubbleBonus</BubbleBonus>
    <BubbleBonus x="182.50209847222234" y="-27.66945652777779">BubbleBonus</BubbleBonus>
  </collectables>
  <characters>
    <Player x="1" y="-4">Player</Player>
  </characters>
</actors>